<?xml version="1.0" encoding="UTF-8"?>
<!-- Generated by org.testng.reporters.JUnitReportReporter -->
<testsuite skipped="0" hostname="ip-172-31-31-31" name="com.maventest.test.maventest" tests="1" failures="0" timestamp="2020-08-04T09:25:23 UTC" time="4.485" errors="0">
  <testcase name="firsttest" time="4.485" classname="com.maventest.test.maventest"/>
  <system-out/>
</testsuite> <!-- com.maventest.test.maventest -->
